<?xml version="1.0" encoding="UTF-8"?>
<!-- Generated by org.testng.reporters.JUnitReportReporter -->
<testsuite hostname="hms-update4" name="com.hotelogix.languageSmoke.test.Admin.AdminTest_PT" tests="8" failures="0" timestamp="18 Sep 2017 09:17:14 GMT" time="601.969" errors="0">
  <testcase name="fn_verifyAddAPackageWithInclusion" time="179.400" classname="com.hotelogix.languageSmoke.test.Admin.AdminTest_PT"/>
  <testcase name="fn_verifyAdditionOfAddOns" time="76.363" classname="com.hotelogix.languageSmoke.test.Admin.AdminTest_PT"/>
  <testcase name="fn_verifyPkgAttachmentToFrontdesk" time="81.341" classname="com.hotelogix.languageSmoke.test.Admin.AdminTest_PT"/>
  <testcase name="fn_verifySaveAndDuplicateRoomBtn" time="47.045" classname="com.hotelogix.languageSmoke.test.Admin.AdminTest_PT"/>
  <testcase name="fn_verifyAdmineConsoleSuccessfulLogin" time="35.978" classname="com.hotelogix.languageSmoke.test.Admin.AdminTest_PT"/>
  <testcase name="fn_verifyAdditionOfAmenity" time="51.645" classname="com.hotelogix.languageSmoke.test.Admin.AdminTest_PT"/>
  <testcase name="fn_verifyAdditionOfRoom" time="48.749" classname="com.hotelogix.languageSmoke.test.Admin.AdminTest_PT"/>
  <testcase name="fn_verifyRoomTaxSelectionInRoomType" time="81.448" classname="com.hotelogix.languageSmoke.test.Admin.AdminTest_PT"/>
</testsuite> <!-- com.hotelogix.languageSmoke.test.Admin.AdminTest_PT -->
