<?xml version="1.0" encoding="UTF-8"?>
<!-- Generated by org.testng.reporters.JUnitReportReporter -->
<testsuite hostname="hms-PCdin" name="LanguagesAutomation.LanguagesAutomation.SpanishLanguage" tests="1" failures="0" timestamp="26 Dec 2016 10:25:22 GMT" time="114.488" errors="0">
  <testcase name="TC_01" time="114.488" classname="LanguagesAutomation.LanguagesAutomation.SpanishLanguage"/>
</testsuite> <!-- LanguagesAutomation.LanguagesAutomation.SpanishLanguage -->
