<?xml version="1.0" encoding="UTF-8"?>
<!-- Generated by org.testng.reporters.JUnitReportReporter -->
<testsuite hostname="hms-update4" name="com.hotelogix.languageSmoke.test.Admin.AdminTest_PT" tests="1" failures="0" timestamp="9 Aug 2017 11:10:08 GMT" time="34.616" errors="0">
  <testcase name="fn_verifySaveAndDuplicateRoomBtn" time="34.616" classname="com.hotelogix.languageSmoke.test.Admin.AdminTest_PT"/>
</testsuite> <!-- com.hotelogix.languageSmoke.test.Admin.AdminTest_PT -->
