<?xml version="1.0" encoding="UTF-8"?>
<!-- Generated by org.testng.reporters.JUnitReportReporter -->
<testsuite hostname="hms-PCdin" name="com.hotelogix.languageSmoke.test.Frontdesk.FrontdeskTest_PT" tests="1" failures="0" timestamp="21 Aug 2017 09:24:57 GMT" time="147.119" errors="0">
  <testcase name="fn_Test" time="147.119" classname="com.hotelogix.languageSmoke.test.Frontdesk.FrontdeskTest_PT"/>
</testsuite> <!-- com.hotelogix.languageSmoke.test.Frontdesk.FrontdeskTest_PT -->
