<?xml version="1.0" encoding="UTF-8"?>
<!-- Generated by org.testng.reporters.JUnitReportReporter -->
<testsuite hostname="hms-PCdin" name="com.hotelogix.languageSmoke.test.Frontdesk.FrontdeskTest_PT" tests="1" failures="0" timestamp="13 Sep 2017 11:15:24 GMT" time="108.362" errors="0">
  <testcase name="fn_ClickAndVerifyRestaurantLink" time="108.362" classname="com.hotelogix.languageSmoke.test.Frontdesk.FrontdeskTest_PT"/>
</testsuite> <!-- com.hotelogix.languageSmoke.test.Frontdesk.FrontdeskTest_PT -->
