<?xml version="1.0" encoding="UTF-8"?>
<!-- Generated by org.testng.reporters.JUnitReportReporter -->
<testsuite hostname="hms-PCdin" name="com.hotelogix.languageSmoke.test.Frontdesk.FrontdeskTest_PT" tests="1" failures="0" timestamp="18 Sep 2017 09:50:36 GMT" time="234.981" errors="0">
  <testcase name="fn_Make1RoomReservationWithTravelAgentLink" time="234.981" classname="com.hotelogix.languageSmoke.test.Frontdesk.FrontdeskTest_PT"/>
</testsuite> <!-- com.hotelogix.languageSmoke.test.Frontdesk.FrontdeskTest_PT -->
