<?xml version="1.0" encoding="UTF-8"?>
<!-- Generated by org.testng.reporters.JUnitReportReporter -->
<testsuite hostname="hms-update4" name="com.hotelogix.languageSmoke.test.Admin.AdminTest_PT" tests="1" failures="0" timestamp="21 Sep 2017 05:19:02 GMT" time="193.255" errors="0">
  <testcase name="fn_verifyAddAPackageWithInclusion" time="193.255" classname="com.hotelogix.languageSmoke.test.Admin.AdminTest_PT"/>
</testsuite> <!-- com.hotelogix.languageSmoke.test.Admin.AdminTest_PT -->
