<?xml version="1.0" encoding="UTF-8"?>
<!-- Generated by org.testng.reporters.JUnitReportReporter -->
<testsuite hostname="hms-update4" name="com.hotelogix.languageSmoke.test.Admin.AdminTest_PT" tests="3" failures="0" timestamp="9 Aug 2017 09:51:41 GMT" time="90.810" errors="0">
  <testcase name="fn_verifyAdditionOfAmenity" time="38.250" classname="com.hotelogix.languageSmoke.test.Admin.AdminTest_PT"/>
  <testcase name="fn_verifyAdditionOfRoom" time="35.863" classname="com.hotelogix.languageSmoke.test.Admin.AdminTest_PT"/>
  <testcase name="fn_verifyAdmineConsoleSuccessfulLogin" time="16.697" classname="com.hotelogix.languageSmoke.test.Admin.AdminTest_PT"/>
</testsuite> <!-- com.hotelogix.languageSmoke.test.Admin.AdminTest_PT -->
